Start time: 2020-11-05 15:49:45.441825
Opened all files
Run option 1
End time: 2020-11-05 15:49:54.919263
Total time: 0:00:09.477456

Start time: 2020-11-05 15:50:16.724084
Opened all files
Run option 1
End time: 2020-11-05 15:50:20.792970
Total time: 0:00:04.068921

Start time: 2020-11-05 15:51:10.670168
Opened all files
Run option 1
End time: 2020-11-05 15:51:22.108475
Total time: 0:00:11.438344

Start time: 2020-11-05 15:53:43.831468
Opened all files
End time: 2020-11-05 15:53:56.454866
Total time: 0:00:12.623427

Start time: 2020-11-05 15:54:45.731479
Opened all files
End time: 2020-11-05 15:56:58.561886
Total time: 0:02:12.830422

Start time: 2020-11-05 16:03:29.121985
Opened all files
Run option 1
End time: 2020-11-05 16:03:51.537766
Total time: 0:00:22.415839

Start time: 2020-11-05 16:03:52.358153
Opened all files
Run option 1
End time: 2020-11-05 16:03:57.313667
Total time: 0:00:04.955548

Start time: 2020-11-05 16:04:39.396868
Opened all files
Run option 1
End time: 2020-11-05 16:13:13.360934
Total time: 0:08:33.964085

Start time: 2020-11-05 16:21:00.348923
Opened all files
Run option 1
Run option 2
Start time: 2020-11-05 16:21:31.663992
Opened all files
Run option 2
Start time: 2020-11-05 16:21:51.467693
Opened all files
Run option 2
My new MAC Addess is fe:8c:04:31:f0:16
End time: 2020-11-05 16:21:55.277993
Total time: 0:00:03.810320

Start time: 2020-11-05 16:22:34.390245
Opened all files
Run option 2
Start time: 2020-11-05 16:22:56.479437
Opened all files
Run option 2
Start time: 2020-11-05 16:23:20.733651
Opened all files
Run option 2
My new MAC Addess is 3a1c5194bdaf
End time: 2020-11-05 16:23:24.614790
Total time: 0:00:03.881156

Start time: 2020-11-05 16:24:59.581792
Opened all files
Run option 2
My new MAC Addess is 46167af4461c
End time: 2020-11-05 16:26:15.729828
Total time: 0:01:16.148054

Start time: 2020-11-05 16:26:20.098790
Opened all files
End time: 2020-11-05 16:26:25.580989
Total time: 0:00:05.482215

Start time: 2020-11-05 16:26:34.408347
Opened all files
Run option 1
End time: 2020-11-05 16:26:44.218927
Total time: 0:00:09.810601

Start time: 2020-11-05 16:40:30.334751
Opened all files
Run option 1
Run option 2
My new MAC Addess is 027ad9eb725a
Start time: 2020-11-05 16:40:59.125350
Opened all files
Run option 2
My new MAC Addess is 8e06f7e0e09c
My net_card is: eno1
End time: 2020-11-05 16:43:16.496620
Total time: 0:02:17.371292

Start time: 2020-11-05 16:43:18.047714
Opened all files
Run option 2
My new MAC Addess is fa6e7bf6c753
My net_card is: eno1
MAC Address changed
End time: 2020-11-05 16:43:29.588092
Total time: 0:00:11.540404

Start time: 2020-11-05 16:45:52.488677
Opened all files
End time: 2020-11-05 16:46:00.417206
Total time: 0:00:07.928544

Start time: 2020-11-05 16:46:02.868272
Opened all files
End time: 2020-11-05 16:46:04.660652
Total time: 0:00:01.792398

Start time: 2020-11-05 16:46:51.993165
Opened all files
Run option 1
Run option 2
My new MAC Addess is ea883d4ee69b
My net_card is: eno1
MAC Address changed
End time: 2020-11-05 16:47:14.440048
Total time: 0:00:22.446911

Start time: 2020-11-05 16:47:47.547990
Opened all files
Run option 1
End time: 2020-11-05 16:48:10.240082
Total time: 0:00:22.692138

Start time: 2020-11-05 16:48:29.588231
Opened all files
Run option 2
My new MAC Addess is a27ab19369ba
My net_card is: eno1
MAC Address changed
End time: 2020-11-05 16:51:12.328858
Total time: 0:02:42.740645

Start time: 2020-11-05 16:51:14.295516
Opened all files
Run option 1
Run option 3
My new MAC Addess is 76b10690da57
My net_card is: eno1
MAC Address changed
Run option 1
Run option 4
My new MAC Addess is a27ab19369ba
My net_card is: eno1
MAC Address changed
End time: 2020-11-05 16:57:27.629416
Total time: 0:06:13.333916

Start time: 2020-11-05 16:57:39.639073
Opened all files
Start time: 2020-11-05 16:58:25.266164
Opened all files
Run option 1
Run option 3
Run option 1
Run option 4
My new MAC Addess is a27ab19369ba
My net_card is: eno1
MAC Address changed
Run option 1
End time: 2020-11-05 16:58:25.295560
Total time: 0:00:00.029564

Start time: 2020-11-05 17:00:54.974625
Opened all files
Run option 1
Run option 3
Run option 1
Run option 4
My new MAC Addess is a27ab19369ba
My net_card is: eno1
MAC Address changed
Run option 1
End time: 2020-11-05 17:00:55.027712
Total time: 0:00:00.053116

Start time: 2020-11-05 17:01:23.464720
Opened all files
Run option 1
Run option 3
My new MAC Addess is da98623094f7
My net_card is: eno1
MAC Address changed
Run option 1
Run option 4
My new MAC Addess is a27ab19369ba
My net_card is: eno1
MAC Address changed
Run option 1
End time: 2020-11-05 17:01:23.493290
Total time: 0:00:00.028603

Start time: 2020-11-05 17:10:57.134415
Opened all files
Run option 1
End time: 2020-11-05 17:11:00.325924
Total time: 0:00:03.191563

Installer by Castellani Davide
Installer by Castellani Davide
Installer by Castellani Davide
Requirement already satisfied: randmac==0.1 in /usr/local/lib/python3.8/dist-packages (from -r ./requirements.txt (line 14)) (0.1)
Installer by Castellani Davide
Requirement already satisfied: randmac in /usr/local/lib/python3.8/dist-packages (from -r ./requirements.txt (line 14)) (0.1)
Installer by Castellani Davide
Requirement already satisfied: randmac==0.1 in /usr/local/lib/python3.8/dist-packages (from -r ./requirements.txt (line 14)) (0.1)

Installer for linux by Castellani Davide
Requirement already satisfied: randmac==0.1 in /usr/local/lib/python3.8/dist-packages (from -r ./requirements.txt (line 14)) (0.1)

Installer for linux by Castellani Davide
Requirement already satisfied: randmac==0.1 in /usr/local/lib/python3.8/dist-packages (from -r ./requirements.txt (line 14)) (0.1)

Installer for linux by Castellani Davide
Reading package lists...
Building dependency tree...
Reading state information...
python3 is already the newest version (3.8.2-0ubuntu2).
0 upgraded, 0 newly installed, 0 to remove and 5 not upgraded.
Reading package lists...
Building dependency tree...
Reading state information...
python3-pip is already the newest version (20.0.2-5ubuntu1.1).
0 upgraded, 0 newly installed, 0 to remove and 5 not upgraded.
Requirement already satisfied: randmac==0.1 in /usr/local/lib/python3.8/dist-packages (from -r ./requirements.txt (line 14)) (0.1)

Installer for linux by Castellani Davide
Reading package lists...
Building dependency tree...
Reading state information...
python3 is already the newest version (3.8.2-0ubuntu2).
0 upgraded, 0 newly installed, 0 to remove and 5 not upgraded.
Reading package lists...
Building dependency tree...
Reading state information...
python3-pip is already the newest version (20.0.2-5ubuntu1.1).
0 upgraded, 0 newly installed, 0 to remove and 5 not upgraded.
Requirement already satisfied: randmac==0.1 in /usr/local/lib/python3.8/dist-packages (from -r ./requirements.txt (line 14)) (0.1)

